<?xml version="1.0" encoding="UTF-8"?>
<testng-results ignored="0" total="1" passed="1" failed="0" skipped="0">
  <reporter-output>
  </reporter-output>
  <suite started-at="2024-11-03T04:48:03 WAT" name="Suite" finished-at="2024-11-03T04:48:15 WAT" duration-ms="11483">
    <groups>
    </groups>
    <test started-at="2024-11-03T04:48:03 WAT" name="Test" finished-at="2024-11-03T04:48:15 WAT" duration-ms="11483">
      <class name="demo.LoginPage">
        <test-method signature="logindetil()[pri:0, instance:demo.LoginPage@4135c3b]" started-at="2024-11-03T04:48:03 WAT" name="logindetil" finished-at="2024-11-03T04:48:14 WAT" duration-ms="11067" status="PASS">
          <reporter-output>
          </reporter-output>
        </test-method> <!-- logindetil -->
        <test-method is-config="true" signature="teardown()[pri:0, instance:demo.LoginPage@4135c3b]" started-at="2024-11-03T04:48:14 WAT" name="teardown" finished-at="2024-11-03T04:48:15 WAT" duration-ms="343" status="PASS">
          <reporter-output>
          </reporter-output>
        </test-method> <!-- teardown -->
      </class> <!-- demo.LoginPage -->
    </test> <!-- Test -->
  </suite> <!-- Suite -->
</testng-results>
